<?xml version="1.0" encoding="UTF-8"?>
<!-- Generated by org.testng.reporters.JUnitXMLReporter -->
<testsuite ignored="1" hostname="LAPTOP-0SJ3B8VU" failures="12" tests="34" name="RestAssuredProject" time="26.803" errors="0" timestamp="2021-10-13T20:59:55 IST">
  <testcase classname="com.employess.testCases.TC_002_GETMethod_SingleUser" name="checkContentType" time="0.02"/>
  <testcase classname="com.employess.testCases.TC_002_GETMethod_SingleUser" name="checkResponseBody" time="0.028"/>
  <testcase classname="com.employess.testCases.TC_002_GETMethod_SingleUser" name="checkResponseTime" time="0.004"/>
  <testcase classname="com.employess.testCases.TC_002_GETMethod_SingleUser" name="checkServerType" time="0.002"/>
  <testcase classname="com.employess.testCases.TC_002_GETMethod_SingleUser" name="checkStatusCode" time="0.003"/>
  <testcase classname="com.employess.testCases.TC_002_GETMethod_SingleUser" name="checkStatusLine" time="0.003"/>
  <testcase classname="com.employess.testCases.TC_002_GETMethod_SingleUser" name="checkXPoweredBy" time="0.002"/>
  <testcase classname="com.employess.testCases.TC_002_POSTMethod" name="checkContentType" time="0.007">
    <failure type="java.lang.AssertionError" message="expected [application/json] but found [text/html; charset=UTF-8]">
      <![CDATA[java.lang.AssertionError: expected [application/json] but found [text/html; charset=UTF-8]
at com.employess.testCases.TC_002_POSTMethod.checkContentType(TC_002_POSTMethod.java:87)
at java.base/java.util.ArrayList.forEach(ArrayList.java:1511)
... Removed 32 stack frames]]>
    </failure>
  </testcase> <!-- checkContentType -->
  <testcase classname="com.employess.testCases.TC_002_POSTMethod" name="checkResponseBody" time="0.003">
    <failure type="java.lang.AssertionError" message="expected [true] but found [false]">
      <![CDATA[java.lang.AssertionError: expected [true] but found [false]
at com.employess.testCases.TC_002_POSTMethod.checkResponseBody(TC_002_POSTMethod.java:49)
at java.base/java.util.ArrayList.forEach(ArrayList.java:1511)
... Removed 32 stack frames]]>
    </failure>
  </testcase> <!-- checkResponseBody -->
  <testcase classname="com.employess.testCases.TC_002_POSTMethod" name="checkResponseTime" time="0.002"/>
  <testcase classname="com.employess.testCases.TC_002_POSTMethod" name="checkServerType" time="0.003"/>
  <testcase classname="com.employess.testCases.TC_002_POSTMethod" name="checkStatusCode" time="0.001">
    <failure type="java.lang.AssertionError" message="expected [200] but found [429]">
      <![CDATA[java.lang.AssertionError: expected [200] but found [429]
at com.employess.testCases.TC_002_POSTMethod.checkStatusCode(TC_002_POSTMethod.java:60)
at java.base/java.util.ArrayList.forEach(ArrayList.java:1511)
... Removed 32 stack frames]]>
    </failure>
  </testcase> <!-- checkStatusCode -->
  <testcase classname="com.employess.testCases.TC_002_POSTMethod" name="checkStatusLine" time="0.002">
    <failure type="java.lang.AssertionError" message="expected [HTTP/1.1 200 OK] but found [HTTP/1.1 429 Too Many Requests]">
      <![CDATA[java.lang.AssertionError: expected [HTTP/1.1 200 OK] but found [HTTP/1.1 429 Too Many Requests]
at com.employess.testCases.TC_002_POSTMethod.checkStatusLine(TC_002_POSTMethod.java:69)
at java.base/java.util.ArrayList.forEach(ArrayList.java:1511)
... Removed 32 stack frames]]>
    </failure>
  </testcase> <!-- checkStatusLine -->
  <testcase classname="com.employess.testCases.TC_002_POSTMethod" name="checkXEzoicCdn" time="0.002"/>
  <testcase classname="com.employess.testCases.TC_005_DELETEMethod" name="checkContentType" time="0.004">
    <failure type="java.lang.AssertionError" message="expected [application/json] but found [text/html; charset=UTF-8]">
      <![CDATA[java.lang.AssertionError: expected [application/json] but found [text/html; charset=UTF-8]
at com.employess.testCases.TC_005_DELETEMethod.checkContentType(TC_005_DELETEMethod.java:80)
at java.base/java.util.ArrayList.forEach(ArrayList.java:1511)
... Removed 32 stack frames]]>
    </failure>
  </testcase> <!-- checkContentType -->
  <testcase classname="com.employess.testCases.TC_005_DELETEMethod" name="checkResponseBody" time="0.003">
    <failure type="java.lang.AssertionError" message="expected [true] but found [false]">
      <![CDATA[java.lang.AssertionError: expected [true] but found [false]
at com.employess.testCases.TC_005_DELETEMethod.checkResponseBody(TC_005_DELETEMethod.java:43)
at java.base/java.util.ArrayList.forEach(ArrayList.java:1511)
... Removed 32 stack frames]]>
    </failure>
  </testcase> <!-- checkResponseBody -->
  <testcase classname="com.employess.testCases.TC_005_DELETEMethod" name="checkResponseTime" time="0.002"/>
  <testcase classname="com.employess.testCases.TC_005_DELETEMethod" name="checkServerType" time="0.001"/>
  <testcase classname="com.employess.testCases.TC_005_DELETEMethod" name="checkStatusCode" time="0.002">
    <failure type="java.lang.AssertionError" message="expected [200] but found [405]">
      <![CDATA[java.lang.AssertionError: expected [200] but found [405]
at com.employess.testCases.TC_005_DELETEMethod.checkStatusCode(TC_005_DELETEMethod.java:53)
at java.base/java.util.ArrayList.forEach(ArrayList.java:1511)
... Removed 32 stack frames]]>
    </failure>
  </testcase> <!-- checkStatusCode -->
  <testcase classname="com.employess.testCases.TC_005_DELETEMethod" name="checkStatusLine" time="0.003">
    <failure type="java.lang.AssertionError" message="expected [HTTP/1.1 200 OK] but found [HTTP/1.1 405 Method Not Allowed]">
      <![CDATA[java.lang.AssertionError: expected [HTTP/1.1 200 OK] but found [HTTP/1.1 405 Method Not Allowed]
at com.employess.testCases.TC_005_DELETEMethod.checkStatusLine(TC_005_DELETEMethod.java:62)
at java.base/java.util.ArrayList.forEach(ArrayList.java:1511)
... Removed 32 stack frames]]>
    </failure>
  </testcase> <!-- checkStatusLine -->
  <testcase classname="com.employess.testCases.TC_003_PUTMethod" name="checkContentType" time="0.003">
    <failure type="java.lang.AssertionError" message="expected [application/json] but found [text/html; charset=UTF-8]">
      <![CDATA[java.lang.AssertionError: expected [application/json] but found [text/html; charset=UTF-8]
at com.employess.testCases.TC_003_PUTMethod.checkContentType(TC_003_PUTMethod.java:102)
at java.base/java.util.ArrayList.forEach(ArrayList.java:1511)
... Removed 32 stack frames]]>
    </failure>
  </testcase> <!-- checkContentType -->
  <testcase classname="com.employess.testCases.TC_003_PUTMethod" name="checkResponseBody" time="0.004">
    <failure type="java.lang.AssertionError" message="expected [true] but found [false]">
      <![CDATA[java.lang.AssertionError: expected [true] but found [false]
at com.employess.testCases.TC_003_PUTMethod.checkResponseBody(TC_003_PUTMethod.java:51)
at java.base/java.util.ArrayList.forEach(ArrayList.java:1511)
... Removed 32 stack frames]]>
    </failure>
  </testcase> <!-- checkResponseBody -->
  <testcase classname="com.employess.testCases.TC_003_PUTMethod" name="checkResponseTime" time="0.002"/>
  <testcase classname="com.employess.testCases.TC_003_PUTMethod" name="checkServerType" time="0.002"/>
  <testcase classname="com.employess.testCases.TC_003_PUTMethod" name="checkStatusCode" time="0.002">
    <failure type="java.lang.AssertionError" message="expected [200] but found [429]">
      <![CDATA[java.lang.AssertionError: expected [200] but found [429]
at com.employess.testCases.TC_003_PUTMethod.checkStatusCode(TC_003_PUTMethod.java:75)
at java.base/java.util.ArrayList.forEach(ArrayList.java:1511)
... Removed 32 stack frames]]>
    </failure>
  </testcase> <!-- checkStatusCode -->
  <testcase classname="com.employess.testCases.TC_003_PUTMethod" name="checkStatusLine" time="0.002">
    <failure type="java.lang.AssertionError" message="expected [HTTP/1.1 200 OK] but found [HTTP/1.1 429 Too Many Requests]">
      <![CDATA[java.lang.AssertionError: expected [HTTP/1.1 200 OK] but found [HTTP/1.1 429 Too Many Requests]
at com.employess.testCases.TC_003_PUTMethod.checkStatusLine(TC_003_PUTMethod.java:84)
at java.base/java.util.ArrayList.forEach(ArrayList.java:1511)
... Removed 32 stack frames]]>
    </failure>
  </testcase> <!-- checkStatusLine -->
  <testcase classname="com.employess.testCases.TC_003_PUTMethod" name="checkXEzoicCdn" time="0.002"/>
  <testcase classname="com.employess.testCases.TC_001_GETMethod" name="checkContentType" time="0.001"/>
  <testcase classname="com.employess.testCases.TC_001_GETMethod" name="checkResponseBody" time="0.002"/>
  <testcase classname="com.employess.testCases.TC_001_GETMethod" name="checkResponseTime" time="0.002"/>
  <testcase classname="com.employess.testCases.TC_001_GETMethod" name="checkServerType" time="0.003"/>
  <testcase classname="com.employess.testCases.TC_001_GETMethod" name="checkStatusCode" time="0.001"/>
  <testcase classname="com.employess.testCases.TC_001_GETMethod" name="checkStatusLine" time="0.002"/>
  <testcase classname="com.employess.testCases.TC_001_GETMethod" name="checkXPoweredBy" time="0.003"/>
  <testcase classname="com.employess.testCases.TC_003_PUTMethod" name="checkResponseBodyElement" time="0.0">
    <ignored/>
  </testcase> <!-- checkResponseBodyElement -->
</testsuite> <!-- RestAssuredProject -->
